<?xml version="1.0" encoding="UTF-8"?>
<testng-results ignored="0" total="1" passed="1" failed="0" skipped="0">
  <reporter-output>
  </reporter-output>
  <suite started-at="2022-08-17T07:01:50Z" name="inetBanking" finished-at="2022-08-17T07:02:24Z" duration-ms="34040">
    <groups>
    </groups>
    <test started-at="2022-08-17T07:01:50Z" name="BankingApp Test" finished-at="2022-08-17T07:02:24Z" duration-ms="34040">
      <class name="com.inetBanking.testCases.TC_LoginTest_001">
        <test-method is-config="true" signature="setup(java.lang.String)[pri:0, instance:com.inetBanking.testCases.TC_LoginTest_001@738dc9b]" started-at="2022-08-17T07:01:50Z" name="setup" finished-at="2022-08-17T07:02:01Z" duration-ms="10430" status="PASS">
          <params>
            <param index="0">
              <value>
                <![CDATA[chrome]]>
              </value>
            </param>
          </params>
          <reporter-output>
          </reporter-output>
        </test-method> <!-- setup -->
        <test-method signature="loginTest()[pri:0, instance:com.inetBanking.testCases.TC_LoginTest_001@738dc9b]" started-at="2022-08-17T07:02:01Z" name="loginTest" finished-at="2022-08-17T07:02:23Z" duration-ms="22240" status="PASS">
          <reporter-output>
          </reporter-output>
        </test-method> <!-- loginTest -->
        <test-method is-config="true" signature="tearDown()[pri:0, instance:com.inetBanking.testCases.TC_LoginTest_001@738dc9b]" started-at="2022-08-17T07:02:23Z" name="tearDown" finished-at="2022-08-17T07:02:24Z" duration-ms="1078" status="PASS">
          <reporter-output>
          </reporter-output>
        </test-method> <!-- tearDown -->
      </class> <!-- com.inetBanking.testCases.TC_LoginTest_001 -->
    </test> <!-- BankingApp Test -->
  </suite> <!-- inetBanking -->
</testng-results>
